Arguments: 
  C:\Program Files\nodejs\node.exe C:\Users\Georges\AppData\Roaming\npm\node_modules\yarn\bin\yarn.js add prompt-sync

PATH: 
  C:\cmder\vendor\bin;C:\cmder\vendor\conemu-maximus5\ConEmu\Scripts;C:\cmder\vendor\conemu-maximus5;C:\cmder\vendor\conemu-maximus5\ConEmu;C:\Program Files (x86)\Common Files\Oracle\Java\javapath;C:\WINDOWS\system32;C:\WINDOWS;C:\WINDOWS\System32\Wbem;C:\WINDOWS\System32\WindowsPowerShell\v1.0\;C:\Program Files\nodejs\;C:\Program Files\Docker\Docker\resources\bin;C:\ProgramData\DockerDesktop\version-bin;C:\Program Files (x86)\Windows Kits\10\Windows Performance Toolkit\;C:\Program Files\Git\cmd;C:\php-7.4;C:\ProgramData\ComposerSetup\bin;C:\WINDOWS\System32\OpenSSH\;C:\Program Files\Java\jdk1.8.0_211\bin;C:\Program Files\Git\usr\bin;C:\Program Files\dotnet\;C:\Program Files\Microsoft SQL Server\130\Tools\Binn\;C:\Program Files\Microsoft SQL Server\Client SDK\ODBC\170\Tools\Binn\;C:\Program Files (x86)\Common Files\Propellerhead Software\ReWire\;C:\Program Files\Common Files\Propellerhead Software\ReWire\;C:\Users\Georges\AppData\Local\Programs\Python\Python38\Scripts\;C:\Users\Georges\AppData\Local\Programs\Python\Python38\;C:\Users\Georges\AppData\Local\Microsoft\WindowsApps;C:\Users\Georges\AppData\Roaming\npm;C:\Users\Georges\AppData\Local\Programs\Microsoft VS Code\bin;C:\Users\Georges\AppData\Local\atom\bin;C:\Users\Georges\AppData\Roaming\Composer\vendor\bin;C:\Users\Georges\AppData\Local\Microsoft\WindowsApps;C:\Users\Georges\.dotnet\tools;C:\Program Files\Git\mingw64\bin;C:\cmder

Yarn version: 
  1.22.10

Node version: 
  14.16.0

Platform: 
  win32 x64

Trace: 
  Error: read ECONNRESET
      at TLSWrap.onStreamRead (internal/stream_base_commons.js:209:20)

npm manifest: 
  {
    "name": "mastering_algorithms_datastructure",
    "version": "1.0.0",
    "description": "",
    "main": "index.js",
    "scripts": {
      "test": "echo \"Error: no test specified\" && exit 1"
    },
    "repository": {
      "type": "git",
      "url": "git+https://github.com/Georges-Ngandeu/mastering_algorithms_datastructure.git"
    },
    "author": "",
    "license": "ISC",
    "bugs": {
      "url": "https://github.com/Georges-Ngandeu/mastering_algorithms_datastructure/issues"
    },
    "homepage": "https://github.com/Georges-Ngandeu/mastering_algorithms_datastructure#readme"
  }

yarn manifest: 
  No manifest

Lockfile: 
  No lockfile
